<?xml version="1.0" encoding="UTF-8"?>
<!-- Generated by org.testng.reporters.JUnitXMLReporter -->
<testsuite ignored="7" hostname="DESKTOP-UI3TJPM" failures="0" tests="1" name="Default test" time="23.224" errors="0" timestamp="2024-02-12T15:51:42 IST">
  <testcase classname="com.automation.ezycomp.testcases.Mapping" name="ActivityDropdown" time="10.539"/>
  <testcase classname="com.automation.ezycomp.testcases.Mapping" name="MappingsPageDropdown" time="0.0">
    <ignored/>
  </testcase> <!-- MappingsPageDropdown -->
  <testcase classname="com.automation.ezycomp.testcases.Mapping" name="Search" time="0.0">
    <ignored/>
  </testcase> <!-- Search -->
  <testcase classname="com.automation.ezycomp.testcases.Mapping" name="File" time="0.0">
    <ignored/>
  </testcase> <!-- File -->
  <testcase classname="com.automation.ezycomp.testcases.Mapping" name="AddingMappingWithValidDetails" time="0.0">
    <ignored/>
  </testcase> <!-- AddingMappingWithValidDetails -->
  <testcase classname="com.automation.ezycomp.testcases.Mapping" name="AddingMappingWithDuplicates" time="0.0">
    <ignored/>
  </testcase> <!-- AddingMappingWithDuplicates -->
  <testcase classname="com.automation.ezycomp.testcases.Mapping" name="LawPageActions" time="0.0">
    <ignored/>
  </testcase> <!-- LawPageActions -->
  <testcase classname="com.automation.ezycomp.testcases.Mapping" name="LawPageActionsDelete" time="0.0">
    <ignored/>
  </testcase> <!-- LawPageActionsDelete -->
</testsuite> <!-- Default test -->
