<?xml version="1.0" encoding="UTF-8"?>
<testng-results ignored="7" total="8" passed="1" failed="0" skipped="0">
  <reporter-output>
  </reporter-output>
  <suite started-at="2024-02-12T15:51:19 IST" name="Default suite" finished-at="2024-02-12T15:51:42 IST" duration-ms="23224">
    <groups>
    </groups>
    <test started-at="2024-02-12T15:51:19 IST" name="Default test" finished-at="2024-02-12T15:51:42 IST" duration-ms="23224">
      <class name="com.automation.ezycomp.testcases.Mapping">
        <test-method is-config="true" signature="testSuite()[pri:0, instance:com.automation.ezycomp.testcases.Mapping@67c27493]" started-at="2024-02-12T15:51:18 IST" name="testSuite" finished-at="2024-02-12T15:51:19 IST" duration-ms="544" status="PASS">
          <reporter-output>
          </reporter-output>
        </test-method> <!-- testSuite -->
        <test-method is-config="true" signature="setup(java.lang.reflect.Method)[pri:0, instance:com.automation.ezycomp.testcases.Mapping@67c27493]" started-at="2024-02-12T15:51:19 IST" name="setup" finished-at="2024-02-12T15:51:31 IST" duration-ms="11973" status="PASS">
          <params>
            <param index="0">
              <value>
                <![CDATA[public void com.automation.ezycomp.testcases.Mapping.ActivityDropdown() throws java.lang.InterruptedException,java.io.IOException]]>
              </value>
            </param>
          </params>
          <reporter-output>
          </reporter-output>
        </test-method> <!-- setup -->
        <test-method signature="ActivityDropdown()[pri:2, instance:com.automation.ezycomp.testcases.Mapping@67c27493]" started-at="2024-02-12T15:51:31 IST" name="ActivityDropdown" finished-at="2024-02-12T15:51:41 IST" duration-ms="10539" status="PASS">
          <reporter-output>
          </reporter-output>
        </test-method> <!-- ActivityDropdown -->
        <test-method is-config="true" signature="tearDown()[pri:0, instance:com.automation.ezycomp.testcases.Mapping@67c27493]" started-at="2024-02-12T15:51:41 IST" name="tearDown" finished-at="2024-02-12T15:51:42 IST" duration-ms="651" status="PASS">
          <reporter-output>
          </reporter-output>
        </test-method> <!-- tearDown -->
        <test-method is-config="true" signature="endTestSuite()[pri:0, instance:com.automation.ezycomp.testcases.Mapping@67c27493]" started-at="2024-02-12T15:51:42 IST" name="endTestSuite" finished-at="2024-02-12T15:51:43 IST" duration-ms="687" status="PASS">
          <reporter-output>
          </reporter-output>
        </test-method> <!-- endTestSuite -->
      </class> <!-- com.automation.ezycomp.testcases.Mapping -->
    </test> <!-- Default test -->
  </suite> <!-- Default suite -->
</testng-results>
